<?xml version="1.0" encoding="UTF-8"?>
<!-- Generated by org.testng.reporters.JUnitReportReporter -->
<testsuite hostname="Parameshwarans-Mac-mini.local" name="com.citrix.testObject.g2m.piranha.FirstTest" tests="1" failures="0" timestamp="22 Apr 2015 07:27:06 GMT" time="135.083" errors="0">
  <testcase name="FirstG2MAndroidTest" time="135.083" classname="com.citrix.testObject.g2m.piranha.FirstTest"/>
</testsuite> <!-- com.citrix.testObject.g2m.piranha.FirstTest -->
